0 info it worked if it ends with ok
1 verbose cli [ 'D:\\MySoft\\nodejs\\node.exe',
1 verbose cli   'D:\\MySoft\\nodejs\\node_modules\\npm\\bin\\npm-cli.js',
1 verbose cli   '-g',
1 verbose cli   'install',
1 verbose cli   'Image' ]
2 info using npm@3.0.0
3 info using node@v6.10.0
4 silly loadCurrentTree Starting
5 silly install loadCurrentTree
6 silly install readLocalPackageData
7 silly install normalizeTree
8 silly loadCurrentTree Finishing
9 silly loadIdealTree Starting
10 silly install loadIdealTree
11 silly cloneCurrentTree Starting
12 silly install cloneCurrentTreeToIdealTree
13 silly cloneCurrentTree Finishing
14 silly loadShrinkwrap Starting
15 silly install loadShrinkwrap
16 silly loadShrinkwrap Finishing
17 silly loadAllDepsIntoIdealTree Starting
18 silly install loadAllDepsIntoIdealTree
19 silly fetchPackageMetaData Image
20 silly fetchNamedPackageData Image
21 silly mapToRegistry name Image
22 silly mapToRegistry using default registry
23 silly mapToRegistry registry https://registry.npmjs.org/
24 silly mapToRegistry uri https://registry.npmjs.org/Image
25 verbose request uri https://registry.npmjs.org/Image
26 verbose request no auth needed
27 info attempt registry request try #1 at 16:45:05
28 verbose request id bcd303617a3930b2
29 http request GET https://registry.npmjs.org/Image
30 http 404 https://registry.npmjs.org/Image
31 verbose headers { 'content-type': 'application/json',
31 verbose headers   'cache-control': 'max-age=0',
31 verbose headers   'content-length': '2',
31 verbose headers   'accept-ranges': 'bytes',
31 verbose headers   date: 'Mon, 21 Aug 2017 08:45:05 GMT',
31 verbose headers   via: '1.1 varnish',
31 verbose headers   age: '0',
31 verbose headers   connection: 'keep-alive',
31 verbose headers   'x-served-by': 'cache-nrt6133-NRT',
31 verbose headers   'x-cache': 'MISS',
31 verbose headers   'x-cache-hits': '0',
31 verbose headers   'x-timer': 'S1503305105.825358,VS0,VE293',
31 verbose headers   vary: 'Accept-Encoding' }
32 silly get cb [ 404,
32 silly get   { 'content-type': 'application/json',
32 silly get     'cache-control': 'max-age=0',
32 silly get     'content-length': '2',
32 silly get     'accept-ranges': 'bytes',
32 silly get     date: 'Mon, 21 Aug 2017 08:45:05 GMT',
32 silly get     via: '1.1 varnish',
32 silly get     age: '0',
32 silly get     connection: 'keep-alive',
32 silly get     'x-served-by': 'cache-nrt6133-NRT',
32 silly get     'x-cache': 'MISS',
32 silly get     'x-cache-hits': '0',
32 silly get     'x-timer': 'S1503305105.825358,VS0,VE293',
32 silly get     vary: 'Accept-Encoding' } ]
33 silly fetchPackageMetaData Error: Registry returned 404 for GET on https://registry.npmjs.org/Image
33 silly fetchPackageMetaData     at CachingRegistryClient.<anonymous> (D:\MySoft\nodejs\node_modules\npm\node_modules\npm-registry-client\lib\request.js:239:14)
33 silly fetchPackageMetaData     at Request._callback (D:\MySoft\nodejs\node_modules\npm\node_modules\npm-registry-client\lib\request.js:170:14)
33 silly fetchPackageMetaData     at Request.self.callback (D:\MySoft\nodejs\node_modules\npm\node_modules\request\request.js:197:22)
33 silly fetchPackageMetaData     at emitTwo (events.js:106:13)
33 silly fetchPackageMetaData     at Request.emit (events.js:191:7)
33 silly fetchPackageMetaData     at Request.<anonymous> (D:\MySoft\nodejs\node_modules\npm\node_modules\request\request.js:1050:14)
33 silly fetchPackageMetaData     at emitOne (events.js:101:20)
33 silly fetchPackageMetaData     at Request.emit (events.js:188:7)
33 silly fetchPackageMetaData     at IncomingMessage.<anonymous> (D:\MySoft\nodejs\node_modules\npm\node_modules\request\request.js:996:12)
33 silly fetchPackageMetaData     at emitNone (events.js:91:20)
33 silly fetchPackageMetaData  error for Image { Error: Registry returned 404 for GET on https://registry.npmjs.org/Image
33 silly fetchPackageMetaData     at CachingRegistryClient.<anonymous> (D:\MySoft\nodejs\node_modules\npm\node_modules\npm-registry-client\lib\request.js:239:14)
33 silly fetchPackageMetaData     at Request._callback (D:\MySoft\nodejs\node_modules\npm\node_modules\npm-registry-client\lib\request.js:170:14)
33 silly fetchPackageMetaData     at Request.self.callback (D:\MySoft\nodejs\node_modules\npm\node_modules\request\request.js:197:22)
33 silly fetchPackageMetaData     at emitTwo (events.js:106:13)
33 silly fetchPackageMetaData     at Request.emit (events.js:191:7)
33 silly fetchPackageMetaData     at Request.<anonymous> (D:\MySoft\nodejs\node_modules\npm\node_modules\request\request.js:1050:14)
33 silly fetchPackageMetaData     at emitOne (events.js:101:20)
33 silly fetchPackageMetaData     at Request.emit (events.js:188:7)
33 silly fetchPackageMetaData     at IncomingMessage.<anonymous> (D:\MySoft\nodejs\node_modules\npm\node_modules\request\request.js:996:12)
33 silly fetchPackageMetaData     at emitNone (events.js:91:20) pkgid: 'Image', statusCode: 404, code: 'E404' }
34 silly rollbackFailedOptional Starting
35 silly rollbackFailedOptional Finishing
36 silly runTopLevelLifecycles Starting
37 silly runTopLevelLifecycles Finishing
38 silly install printInstalled
39 verbose stack Error: Registry returned 404 for GET on https://registry.npmjs.org/Image
39 verbose stack     at CachingRegistryClient.<anonymous> (D:\MySoft\nodejs\node_modules\npm\node_modules\npm-registry-client\lib\request.js:239:14)
39 verbose stack     at Request._callback (D:\MySoft\nodejs\node_modules\npm\node_modules\npm-registry-client\lib\request.js:170:14)
39 verbose stack     at Request.self.callback (D:\MySoft\nodejs\node_modules\npm\node_modules\request\request.js:197:22)
39 verbose stack     at emitTwo (events.js:106:13)
39 verbose stack     at Request.emit (events.js:191:7)
39 verbose stack     at Request.<anonymous> (D:\MySoft\nodejs\node_modules\npm\node_modules\request\request.js:1050:14)
39 verbose stack     at emitOne (events.js:101:20)
39 verbose stack     at Request.emit (events.js:188:7)
39 verbose stack     at IncomingMessage.<anonymous> (D:\MySoft\nodejs\node_modules\npm\node_modules\request\request.js:996:12)
39 verbose stack     at emitNone (events.js:91:20)
40 verbose statusCode 404
41 verbose pkgid Image
42 verbose cwd F:\MyEclipse\nodejs\FancyJS
43 error Windows_NT 6.3.9600
44 error argv "D:\\MySoft\\nodejs\\node.exe" "D:\\MySoft\\nodejs\\node_modules\\npm\\bin\\npm-cli.js" "-g" "install" "Image"
45 error node v6.10.0
46 error npm  v3.0.0
47 error code E404
48 error 404 Registry returned 404 for GET on https://registry.npmjs.org/Image
48 error 404
48 error 404 'Image' is not in the npm registry.
48 error 404 Your package name is not valid, because
48 error 404
48 error 404  1. name can no longer contain capital letters
48 error 404
48 error 404 Note that you can also install from a
48 error 404 tarball, folder, http url, or git url.
49 verbose exit [ 1, true ]
