[2016-12-14 14:35:57.442] [INFO] console - ggggggggggggggggggg
[2016-12-14 14:35:57.427] [INFO] jjtke - sdadsad
[2016-12-14 14:35:57.439] [INFO] de - rteytretre
[2016-12-14 14:35:57.441] [ERROR] adsf - undefined
[2016-12-14 14:35:57.434] [INFO] jjtke - xxxxxx
[2016-12-14 14:35:57.440] [INFO] de - asdasdadsadssss
[2016-12-14 14:35:57.442] [DEBUG] de - xxxxxxxxxxxxxxxx
[2016-12-14 14:35:57.442] [DEBUG] de - rrrrrrrrrrrrrrrrrr
[2016-12-14 14:35:57.442] [ERROR] de - rrrrrrrrrrrrrrrrrr
[2016-12-14 14:36:30.726] [INFO] console - ggggggggggggggggggg
[2016-12-14 14:36:30.716] [INFO] jjtke - sdadsad
[2016-12-14 14:36:30.724] [ERROR] adsf - undefined
[2016-12-14 14:36:30.723] [INFO] de - rteytretre
[2016-12-14 14:36:30.726] [INFO] console - 我是
[2016-12-14 14:36:30.722] [INFO] jjtke - xxxxxx
[2016-12-14 14:36:30.723] [INFO] de - asdasdadsadssss
[2016-12-14 14:36:30.725] [DEBUG] de - xxxxxxxxxxxxxxxx
[2016-12-14 14:36:30.725] [DEBUG] de - rrrrrrrrrrrrrrrrrr
[2016-12-14 14:36:30.726] [ERROR] de - rrrrrrrrrrrrrrrrrr
[2016-12-14 14:43:16.195] [INFO] console - ggggggggggggggggggg
[2016-12-14 14:43:16.184] [INFO] jjtke - sdadsad
[2016-12-14 14:43:16.193] [INFO] de - rteytretre
[2016-12-14 14:43:16.193] [ERROR] adsf - undefined
[2016-12-14 14:43:16.196] [INFO] console - 我是
[2016-12-14 14:43:16.190] [INFO] jjtke - xxxxxx
[2016-12-14 14:43:16.193] [INFO] de - asdasdadsadssss
[2016-12-14 14:43:16.195] [DEBUG] de - xxxxxxxxxxxxxxxx
[2016-12-14 14:43:16.195] [DEBUG] de - rrrrrrrrrrrrrrrrrr
[2016-12-14 14:43:16.195] [ERROR] de - rrrrrrrrrrrrrrrrrr
[2016-12-14 16:53:06.854] [INFO] console - ggggggggggggggggggg
[2016-12-14 16:53:06.841] [INFO] jjtke - sdadsad
[2016-12-14 16:53:06.851] [INFO] de - rteytretre
[2016-12-14 16:53:06.852] [ERROR] adsf - undefined
[2016-12-14 16:53:06.854] [INFO] console - 我是
[2016-12-14 16:53:06.850] [INFO] jjtke - xxxxxx
[2016-12-14 16:53:06.852] [INFO] de - asdasdadsadssss
[2016-12-14 16:53:06.853] [DEBUG] de - xxxxxxxxxxxxxxxx
[2016-12-14 16:53:06.853] [DEBUG] de - rrrrrrrrrrrrrrrrrr
[2016-12-14 16:53:06.854] [ERROR] de - rrrrrrrrrrrrrrrrrr
[2016-12-26 16:01:07.355] [INFO] console - ggggggggggggggggggg
[2016-12-26 16:01:07.353] [INFO] de - rteytretre
[2016-12-26 16:01:07.354] [ERROR] adsf - undefined
[2016-12-26 16:01:07.345] [INFO] jjtke - sdadsad
[2016-12-26 16:01:07.356] [INFO] console - 我是
[2016-12-26 16:01:07.353] [INFO] de - asdasdadsadssss
[2016-12-26 16:01:07.355] [DEBUG] de - xxxxxxxxxxxxxxxx
[2016-12-26 16:01:07.355] [DEBUG] de - rrrrrrrrrrrrrrrrrr
[2016-12-26 16:01:07.356] [ERROR] de - rrrrrrrrrrrrrrrrrr
[2016-12-26 16:01:07.351] [INFO] jjtke - xxxxxx
